<?xml version="1.0" encoding="UTF-8"?>
<testsuite name="edu.northeastern.cs5500.starterbot.listeners.commands.CheckInPersonOfficeHourCommandTest" tests="11" skipped="0" failures="0" errors="0" timestamp="2021-12-18T07:48:35" hostname="FuenCuis-MacBook-Air.local" time="0.003">
  <properties/>
  <testcase name="testGetEntireWeekReplyForEmptyListGiven()" classname="edu.northeastern.cs5500.starterbot.listeners.commands.CheckInPersonOfficeHourCommandTest" time="0.001"/>
  <testcase name="testGetEntireWeekReply()" classname="edu.northeastern.cs5500.starterbot.listeners.commands.CheckInPersonOfficeHourCommandTest" time="0.0"/>
  <testcase name="testGetName()" classname="edu.northeastern.cs5500.starterbot.listeners.commands.CheckInPersonOfficeHourCommandTest" time="0.0"/>
  <testcase name="testGetSingleDayReply()" classname="edu.northeastern.cs5500.starterbot.listeners.commands.CheckInPersonOfficeHourCommandTest" time="0.0"/>
  <testcase name="testGetReplyForUserWithNoOfficeHour()" classname="edu.northeastern.cs5500.starterbot.listeners.commands.CheckInPersonOfficeHourCommandTest" time="0.0"/>
  <testcase name="testGetSingleDayReplyForEmptyListGiven()" classname="edu.northeastern.cs5500.starterbot.listeners.commands.CheckInPersonOfficeHourCommandTest" time="0.0"/>
  <testcase name="testToTitleCase()" classname="edu.northeastern.cs5500.starterbot.listeners.commands.CheckInPersonOfficeHourCommandTest" time="0.0"/>
  <testcase name="testGetCommandData()" classname="edu.northeastern.cs5500.starterbot.listeners.commands.CheckInPersonOfficeHourCommandTest" time="0.001"/>
  <testcase name="getSingleDayReplyTestForNonRegisteredUser()" classname="edu.northeastern.cs5500.starterbot.listeners.commands.CheckInPersonOfficeHourCommandTest" time="0.0"/>
  <testcase name="testGetCommandDataIsConsistent()" classname="edu.northeastern.cs5500.starterbot.listeners.commands.CheckInPersonOfficeHourCommandTest" time="0.0"/>
  <testcase name="testGetReplyForInvaliedDayOfWeek()" classname="edu.northeastern.cs5500.starterbot.listeners.commands.CheckInPersonOfficeHourCommandTest" time="0.0"/>
  <system-out><![CDATA[]]></system-out>
  <system-err><![CDATA[]]></system-err>
</testsuite>
