<?xml version="1.0" encoding="UTF-8"?>
<testsuite name="edu.northeastern.cs5500.starterbot.controller.DiscordIdControllerTest" tests="9" skipped="0" failures="0" errors="0" timestamp="2021-12-18T07:48:35" hostname="FuenCuis-MacBook-Air.local" time="0.026">
  <properties/>
  <testcase name="testSetInvolvedOfficeHours()" classname="edu.northeastern.cs5500.starterbot.controller.DiscordIdControllerTest" time="0.016"/>
  <testcase name="testgetNEUUser()" classname="edu.northeastern.cs5500.starterbot.controller.DiscordIdControllerTest" time="0.002"/>
  <testcase name="testUpdateSymptomatic()" classname="edu.northeastern.cs5500.starterbot.controller.DiscordIdControllerTest" time="0.0"/>
  <testcase name="testIsDiscordIdRegistered()" classname="edu.northeastern.cs5500.starterbot.controller.DiscordIdControllerTest" time="0.001"/>
  <testcase name="testGetAllTaProf()" classname="edu.northeastern.cs5500.starterbot.controller.DiscordIdControllerTest" time="0.001"/>
  <testcase name="testCreateNEUUser()" classname="edu.northeastern.cs5500.starterbot.controller.DiscordIdControllerTest" time="0.005"/>
  <testcase name="testGetNEUUserByNuid()" classname="edu.northeastern.cs5500.starterbot.controller.DiscordIdControllerTest" time="0.0"/>
  <testcase name="testUpdateVaccination()" classname="edu.northeastern.cs5500.starterbot.controller.DiscordIdControllerTest" time="0.001"/>
  <testcase name="testGetNuidByDiscordId()" classname="edu.northeastern.cs5500.starterbot.controller.DiscordIdControllerTest" time="0.0"/>
  <system-out><![CDATA[]]></system-out>
  <system-err><![CDATA[[Test worker] WARN edu.northeastern.cs5500.starterbot.controller.DiscordIdController - Invalid role requested: unkownn
[Test worker] WARN edu.northeastern.cs5500.starterbot.controller.DiscordIdController - Invalid role requested: unkownn
]]></system-err>
</testsuite>
