<?xml version="1.0" encoding="UTF-8"?>
<testsuite name="edu.northeastern.cs5500.starterbot.listeners.commands.RegisterCommandTest" tests="6" skipped="0" failures="0" errors="0" timestamp="2021-12-18T07:48:35" hostname="FuenCuis-MacBook-Air.local" time="0.005">
  <properties/>
  <testcase name="testInvalidRole()" classname="edu.northeastern.cs5500.starterbot.listeners.commands.RegisterCommandTest" time="0.0"/>
  <testcase name="testCreateAUser()" classname="edu.northeastern.cs5500.starterbot.listeners.commands.RegisterCommandTest" time="0.003"/>
  <testcase name="testComeBackUser()" classname="edu.northeastern.cs5500.starterbot.listeners.commands.RegisterCommandTest" time="0.0"/>
  <testcase name="testGetName()" classname="edu.northeastern.cs5500.starterbot.listeners.commands.RegisterCommandTest" time="0.0"/>
  <testcase name="testGetCommandData()" classname="edu.northeastern.cs5500.starterbot.listeners.commands.RegisterCommandTest" time="0.0"/>
  <testcase name="testGetCommandDataIsConsistent()" classname="edu.northeastern.cs5500.starterbot.listeners.commands.RegisterCommandTest" time="0.0"/>
  <system-out><![CDATA[]]></system-out>
  <system-err><![CDATA[[Test worker] WARN edu.northeastern.cs5500.starterbot.controller.DiscordIdController - Invalid role requested: notTA
]]></system-err>
</testsuite>
